C51 COMPILER V9.02   LCD                                                                   04/01/2014 12:06:57 PAGE 1   


C51 COMPILER V9.02, COMPILATION OF MODULE LCD
OBJECT MODULE PLACED IN lcd.OBJ
COMPILER INVOKED BY: C:\Keil\C51\BIN\C51.EXE lcd.c BROWSE DEBUG OBJECTEXTEND

line level    source

*** WARNING C500 IN LINE 1 OF LCD.C: LICENSE ERROR (R201: INVALID LICENSE ID CODE (LIC))

   1          #include<reg51.h>
   2          
   3          sfr ldata=0xa0;
   4          
   5          sbit rs=P2^0; 
   6          sbit rw=P2^1;
   7          sbit e=P2^2; 
   8          
   9          void delay(unsigned char time)
  10          {
  11   1          unsigned int i,j;
  12   1              for(j=0;j<time;j++)
  13   1              {
  14   2                 for(i=0;i<1275;i++);
  15   2              }
  16   1      } 
  17          void  cmd(unsigned char val)
  18          {
  19   1            rs=0;
  20   1                rw=0;
  21   1                e=1;
  22   1                delay(1);
  23   1                e=0;
  24   1                
  25   1      }
*** WARNING C280 IN LINE 17 OF LCD.C: 'val': unreferenced local variable
  26          void  data(unsigned char val)
*** ERROR C141 IN LINE 26 OF LCD.C: syntax error near '('
*** ERROR C141 IN LINE 26 OF LCD.C: syntax error near 'unsigned'
*** ERROR C129 IN LINE 26 OF LCD.C: missing ';' before ')'
  27          {
  28                rs=1;
  29                    rw=0;
  30                    e=1;
  31                    delay(1);
  32                    e=0;
  33                    
  34          }
  35          void data1(unsigned char *lcdstr)
  36          {
  37             while(*lcdstr)
  38             {
  39                           data(*lcdstr++);
  40             }
  41          }               
  42          void main()
  43          {
  44              cmd(0x38);
  45                  delay(250);
  46                  cmd(0x0e);
  47                  delay(250);
  48                  cmd(0x01);
  49                  delay(250);
  50                  cmd(0x06);
C51 COMPILER V9.02   LCD                                                                   04/01/2014 12:06:57 PAGE 2   

  51                  delay(250);
  52                  cmd(0x84);
  53                  delay(250);
  54                  data1("vasoya nikhil");
  55                  delay(250);
  56                  cmd(0xc0);
  57                  delay(250);
  58                  data1("6th 10EC23");
  59                  delay(250);
  60          }

C51 COMPILATION COMPLETE.  2 WARNING(S),  3 ERROR(S)
