C51 COMPILER V9.02   LCD1                                                                  02/17/2015 21:49:51 PAGE 1   


C51 COMPILER V9.02, COMPILATION OF MODULE LCD1
OBJECT MODULE PLACED IN lcd1.OBJ
COMPILER INVOKED BY: C:\Keil\C51\BIN\C51.EXE lcd1.c BROWSE DEBUG OBJECTEXTEND

line level    source

*** WARNING C500 IN LINE 1 OF LCD1.C: LICENSE ERROR (R201: INVALID LICENSE ID CODE (LIC))

   1          #include<reg51.h>
   2          
   3          sfr data1=0xA0;
   4          
   5          sbit rs=P3^7; 
   6          sbit rw=P3^5;
   7          sbit e=P3^6;
   8           
   9          void delay(unsigned char time)
  10          {
  11   1          unsigned int i,j;
  12   1              for(j=0;j<time;j++)
  13   1              {
  14   2                 for(i=0;i<1275;i++);
  15   2              }
  16   1      } 
  17          
  18          void  cmd(unsigned char value)
  19          {
  20   1            data1=value;
  21   1            rs=0;
  22   1                rw=0;
  23   1                e=1;
  24   1                delay(1);
  25   1                e=0;
  26   1              
  27   1      }
  28          
  29          void  dat(unsigned char value)
  30          {
  31   1            data1=value;
  32   1            rs=1;
  33   1                rw=0;
  34   1                e=1;
  35   1                delay(1);
  36   1                e=0;
  37   1      }
  38          
  39          void data2(unsigned char *lcdstr)
  40          {
  41   1         while(*lcdstr)
  42   1         {
  43   2                       dat(*lcdstr++);
  44   2         }
  45   1      }               
  46          void lcdrotade(unsigned char k,unsigned char *lcdstr)
  47          {  
  48   1          unsigned char j;
  49   1              data2(lcdstr);
  50   1              if(k==1)
  51   1              {
  52   2                  for(j=0;j<16;j++)
  53   2                      {
  54   3                           cmd(0x1c);
C51 COMPILER V9.02   LCD1                                                                  02/17/2015 21:49:51 PAGE 2   

  55   3                               delay(250);
  56   3                      }
  57   2              }
  58   1              else if(k==0)
  59   1              {
  60   2                  for(j=0;j<16;j++)
  61   2                      {
  62   3                          cmd(0x18);
  63   3                              delay(250);
  64   3                      }
  65   2              }
  66   1              else;
  67   1      }
  68          void main()
  69          { 
  70   1              data1=0x00;
  71   1                      P3=0x00;
  72   1               while(1)
  73   1                      {
  74   2                       cmd(0x38);
  75   2                       //delay(250);
  76   2               cmd(0x06);
  77   2                       //delay(250);
  78   2                       cmd(0x0c);
  79   2                       //delay(250);
  80   2                       cmd(0x8f);
  81   2                       data2("vasoya nikhil");
  82   2                       cmd(0xcf);
  83   2                       data2("7th ec 23");
  84   2                       
  85   2                   cmd(0x1c);
  86   2                       //delay(25);
  87   2          
  88   2                //cmd(0x1c);
  89   2                //delay(250);
  90   2                  }
  91   1      
  92   1      }


MODULE INFORMATION:   STATIC OVERLAYABLE
   CODE SIZE        =    200    ----
   CONSTANT SIZE    =     24    ----
   XDATA SIZE       =   ----    ----
   PDATA SIZE       =   ----    ----
   DATA SIZE        =   ----       4
   IDATA SIZE       =   ----    ----
   BIT SIZE         =   ----    ----
END OF MODULE INFORMATION.


C51 COMPILATION COMPLETE.  1 WARNING(S),  0 ERROR(S)
