C51 COMPILER V9.05   LED                                                                   11/29/2012 14:18:55 PAGE 1   


C51 COMPILER V9.05, COMPILATION OF MODULE LED
OBJECT MODULE PLACED IN led.OBJ
COMPILER INVOKED BY: C:\Keil\C51\BIN\C51.EXE led.c BROWSE DEBUG OBJECTEXTEND

line level    source

   1                                   #include<reg51.h>
   2                                   unsigned char c;
   3                                   void main()
   4                                   {
   5   1                                 SCON=0x50;
   6   1                                 TMOD=0x20;
   7   1                                 TH1=0xfd;
   8   1                                 TR1=1;
   9   1                                 RI=0;
  10   1                                 while(1)
  11   1                                 {
  12   2                                 while(RI==0);
  13   2                                 RI=0;
  14   2                                 c=SBUF;
  15   2                                 P1=c;
  16   2                                 if(P1==0X31)
  17   2                                 {
  18   3                                    P1=0x00;
  19   3                                    P1=0X01;
  20   3                                 }
  21   2                                 if(P1==0X32)
  22   2                                 {
  23   3                                    P1=0x00;
  24   3                                    P1=0X02;
  25   3                                 }
  26   2                                 if(P1==0X33)
  27   2                                 {
  28   3                                    P1=0x00;
  29   3                                    P1=0X04;
  30   3                                 }
  31   2                                 if(P1==0X34)
  32   2                                 {
  33   3                                    P1=0x00;
  34   3                                    P1=0X08;
  35   3                                 }
  36   2                                 if(P1==0X35)
  37   2                                 {
  38   3                                    P1=0x00;
  39   3                                    P1=0X10;
  40   3                                 }
  41   2                                 if(P1==0X36)
  42   2                                 {
  43   3                                    P1=0x00;
  44   3                                    P1=0X20;
  45   3                                 }
  46   2                                 if(P1==0X37)
  47   2                                 {
  48   3                                    P1=0x00;
  49   3                                    P1=0X40;
  50   3                                 }
  51   2                                 if(P1==0X38)
  52   2                                 {
  53   3                                    P1=0x00;
  54   3                                    P1=0X80;
  55   3                                 }
C51 COMPILER V9.05   LED                                                                   11/29/2012 14:18:55 PAGE 2   

  56   2                              }
  57   1                      }


MODULE INFORMATION:   STATIC OVERLAYABLE
   CODE SIZE        =    114    ----
   CONSTANT SIZE    =   ----    ----
   XDATA SIZE       =   ----    ----
   PDATA SIZE       =   ----    ----
   DATA SIZE        =      1    ----
   IDATA SIZE       =   ----    ----
   BIT SIZE         =   ----    ----
END OF MODULE INFORMATION.


C51 COMPILATION COMPLETE.  0 WARNING(S),  0 ERROR(S)
