C51 COMPILER V9.03   SLCD                                                                  04/03/2014 14:14:25 PAGE 1   


C51 COMPILER V9.03, COMPILATION OF MODULE SLCD
OBJECT MODULE PLACED IN slcd.OBJ
COMPILER INVOKED BY: C:\Keil\C51\BIN\C51.EXE slcd.C BROWSE DEBUG OBJECTEXTEND

line level    source

   1          // This is the program to display something in LCD. 
   2          #include <REG52.H>                                                                      //Header file
   3          #include<string.h>
   4          sbit RS=P3^7;                                                                           //RS pin of LCD is connected with 8th pin of Port 3
   5          sbit EN=P3^6;                                                                           //EN pin of LCD is connected with 7th pin of Port 3
   6          #define LCD P2                                                                          //Lcd is connected with PORT 2
   7          void delay(unsigned int x)                                                      // Delay program
   8          {
   9   1      unsigned int i,j;
  10   1      for(i=0;i<=x;i++)
  11   1      for(j=0;j<=100;j++);
  12   1      }
  13          void cmd(unsigned char x)                                                  //Command function for Lcd to send commands from Microcontroller
  14          {                                                                                                  // RS pin of Lcd should be low
  15   1      LCD=x;
  16   1      RS=0;
  17   1      EN=1;
  18   1      delay(10);
  19   1      EN=0;
  20   1      }
  21          void dat(unsigned char x)                                               // Data fuction for lcd to send data from Microcontroller
  22          {                                                                                               //RS pin of Lcd should be high
  23   1      LCD=x;
  24   1      RS=1;
  25   1      EN=1;
  26   1      delay(10);
  27   1      EN=0;
  28   1      }                                                                                               //This is the function to send the string to LCD
  29          void message(unsigned char *p)
  30          {
  31   1      unsigned char c,m;
  32   1      c=strlen(p);
  33   1      for(m=0;m<=c;m++)
  34   1      {
  35   2      dat(p[m]);
  36   2      }
  37   1      }
  38          void main()                                                                             //Make P2 and P3 ports are outputs
  39          {
  40   1      P2=0x00;                                                                                
  41   1      P3=0x00;                                                                                 //Command for choosing 16x2 Lcd
  42   1      cmd(0x38);                                                                              //Command for choosing Right shift
  43   1      cmd(0x06);                                                                              //Command for display without cursor(Means cursor OFF)
  44   1      cmd(0x0c);      
  45   1      cmd(0x8F);                                                                      
  46   1      message("*Welcome To Circuit City*");   //Message to display to LCD
  47   1      cmd(0xCF);                                                                                        //Command to goto next line. Choosing second coloumn of lcd
  48   1      message("----------------------------");
  49   1      while(1)                                                                                //infinite loop
  50   1      {
  51   2      cmd(0x1C);                                                                              //Command to scroll display 
  52   2      delay(200);
  53   2      }
  54   1      }

C51 COMPILER V9.03   SLCD                                                                  04/03/2014 14:14:25 PAGE 2   


MODULE INFORMATION:   STATIC OVERLAYABLE
   CODE SIZE        =    165    ----
   CONSTANT SIZE    =     55    ----
   XDATA SIZE       =   ----    ----
   PDATA SIZE       =   ----    ----
   DATA SIZE        =   ----       5
   IDATA SIZE       =   ----    ----
   BIT SIZE         =   ----    ----
END OF MODULE INFORMATION.


C51 COMPILATION COMPLETE.  0 WARNING(S),  0 ERROR(S)
