C51 COMPILER V9.05   7_SEGMENT                                                             11/23/2012 12:19:27 PAGE 1   


C51 COMPILER V9.05, COMPILATION OF MODULE 7_SEGMENT
OBJECT MODULE PLACED IN 7-segment.OBJ
COMPILER INVOKED BY: C:\Keil\C51\BIN\C51.EXE 7-segment.c BROWSE DEBUG OBJECTEXTEND

line level    source

   1                     #include<reg51.h>
   2                     unsigned char num[9]={0x3f,0x06,0x5b,0x4f,0x66,0x6d,0x7d,0x07,0xff};
   3                          unsigned char z;
   4                          unsigned int i;
   5                          void main()
   6                          {
   7   1                        while(1)
   8   1                        {
   9   2                          for(z=0;z<9;z++)
  10   2                              {
  11   3                                      P1=num[z];
  12   3                                  for(i=1;i<60000;i++)
  13   3                                      {
  14   4                                      }
  15   3                              }
  16   2                              }
  17   1                              }
  18          
  19                            


MODULE INFORMATION:   STATIC OVERLAYABLE
   CODE SIZE        =     55    ----
   CONSTANT SIZE    =   ----    ----
   XDATA SIZE       =   ----    ----
   PDATA SIZE       =   ----    ----
   DATA SIZE        =     12    ----
   IDATA SIZE       =   ----    ----
   BIT SIZE         =   ----    ----
END OF MODULE INFORMATION.


C51 COMPILATION COMPLETE.  0 WARNING(S),  0 ERROR(S)
