C51 COMPILER V9.05   ARRAY                                                                 11/23/2012 09:18:51 PAGE 1   


C51 COMPILER V9.05, COMPILATION OF MODULE ARRAY
OBJECT MODULE PLACED IN array.OBJ
COMPILER INVOKED BY: C:\Keil\C51\BIN\C51.EXE array.c BROWSE DEBUG OBJECTEXTEND

line level    source

   1                          #include<reg51.h>
   2                          
   3                          
   4                             unsigned char num[18]={0x80,0xc0,0xe0,0xf0,0xf8,0xfc,0xfe,0xff,0x00,0x01,0x03,0x07,0x0f,0x1f,0x3f,0x7
             -f,0xff,0x00};
   5                             unsigned char z;
   6                             unsigned int i;
   7                          void main()
   8                          {
   9   1                              while(1)
  10   1                              {
  11   2                         for(z=1;z<=18;z++)
  12   2                         {
  13   3                               P2=num[z];
  14   3                                       for(i=1;i<30000;i++)
  15   3                                       {
  16   4                                       }
  17   3                         }
  18   2                         }
  19   1                       }     


MODULE INFORMATION:   STATIC OVERLAYABLE
   CODE SIZE        =     42    ----
   CONSTANT SIZE    =   ----    ----
   XDATA SIZE       =   ----    ----
   PDATA SIZE       =   ----    ----
   DATA SIZE        =     21    ----
   IDATA SIZE       =   ----    ----
   BIT SIZE         =   ----    ----
END OF MODULE INFORMATION.


C51 COMPILATION COMPLETE.  0 WARNING(S),  0 ERROR(S)
