C51 COMPILER V9.05   FOR_LOOP                                                              11/22/2012 15:52:25 PAGE 1   


C51 COMPILER V9.05, COMPILATION OF MODULE FOR_LOOP
OBJECT MODULE PLACED IN for loop.OBJ
COMPILER INVOKED BY: C:\Keil\C51\BIN\C51.EXE for loop.c BROWSE DEBUG OBJECTEXTEND

line level    source

   1                          #include<reg51.h>
   2                  void main()
   3                          {
   4   1                         unsigned int z,i;
   5   1                         for(z=1;z<=10;z++)
   6   1                         {
   7   2                           P2=z;
   8   2                           for(i=1;i<30000;i++)
   9   2                               {
  10   3                               }
  11   2                         }
  12   1                      }
  13                  


MODULE INFORMATION:   STATIC OVERLAYABLE
   CODE SIZE        =     33    ----
   CONSTANT SIZE    =   ----    ----
   XDATA SIZE       =   ----    ----
   PDATA SIZE       =   ----    ----
   DATA SIZE        =   ----    ----
   IDATA SIZE       =   ----    ----
   BIT SIZE         =   ----    ----
END OF MODULE INFORMATION.


C51 COMPILATION COMPLETE.  0 WARNING(S),  0 ERROR(S)
