C51 COMPILER V9.02   LED_2                                                                 10/03/2013 13:41:35 PAGE 1   


C51 COMPILER V9.02, COMPILATION OF MODULE LED_2
OBJECT MODULE PLACED IN led-2.OBJ
COMPILER INVOKED BY: C:\Keil\C51\BIN\C51.EXE led-2.c BROWSE DEBUG OBJECTEXTEND

line level    source

*** WARNING C500 IN LINE 1 OF LED-2.C: LICENSE ERROR (R201: INVALID LICENSE ID CODE (LIC))

   1                  #include<reg51.h>
   2                  sbit sw1=P1^0;
   3                  sbit sw2=P1^1;
   4                  sbit sw3=P1^2;
   5                  sbit sw4=P1^3;
   6                  sbit sw5=P1^4;
   7                  sbit sw6=P1^5;
   8                  sbit sw7=P1^6;
   9                  sbit sw8=P1^7;
  10                  sbit led1=P2^0;
  11                  sbit led2=P2^1;
  12                  sbit led3=P2^2;
  13                  sbit led4=P2^3;
  14                  sbit led5=P2^4;
  15                  sbit led6=P2^5;
  16                  sbit led7=P2^6;
  17                  sbit led8=P2^7;
  18               void main()
  19                  {
  20   1                 P1=0Xff;
  21   1                 P2=0X00;
  22   1                 while(1)
  23   1                 {
  24   2                  int j;
  25   2                    P2=0xff;
  26   2                        for(j=0;j<2000;j++);
  27   2                        P2=0x00;
  28   2                      }
  29   1                 //if(sw1==0)
  30   1                 //{   led1=1;
  31   1                 //}
  32   1                 //else if(sw2==0)
  33   1                /* { 
  34   1                              led2=1;
  35   1                 }
  36   1                 else if(sw3==0)
  37   1                 { 
  38   1                      led3=1;
  39   1                 }
  40   1                 else if(sw4==0)
  41   1                 { 
  42   1                  led4=1;
  43   1                 }
  44   1                 else if(sw5==0)
  45   1                 { 
  46   1                 led5=1;
  47   1                 }
  48   1                 else if(sw6==0)
  49   1                 { 
  50   1                 led6=1;
  51   1                 }
  52   1                 else if(sw7==0)
  53   1                 { 
  54   1                 led7=1;
C51 COMPILER V9.02   LED_2                                                                 10/03/2013 13:41:35 PAGE 2   

  55   1                 }
  56   1                 else if(sw8==0)
  57   1                 { 
  58   1                 led8=1;
  59   1                 }
  60   1                 else
  61   1                 {
  62   1                  P2=0x00;
  63   1                 }*/
  64   1              }
  65          
  66          
  67                     


MODULE INFORMATION:   STATIC OVERLAYABLE
   CODE SIZE        =     35    ----
   CONSTANT SIZE    =   ----    ----
   XDATA SIZE       =   ----    ----
   PDATA SIZE       =   ----    ----
   DATA SIZE        =   ----       2
   IDATA SIZE       =   ----    ----
   BIT SIZE         =   ----    ----
END OF MODULE INFORMATION.


C51 COMPILATION COMPLETE.  1 WARNING(S),  0 ERROR(S)
