C51 COMPILER V9.05   LED                                                                   11/22/2012 14:51:23 PAGE 1   


C51 COMPILER V9.05, COMPILATION OF MODULE LED
OBJECT MODULE PLACED IN led.OBJ
COMPILER INVOKED BY: C:\Keil\C51\BIN\C51.EXE led.c BROWSE DEBUG OBJECTEXTEND

line level    source

   1                  #include<reg51.h>
   2                  sbit sw1=P1^0;
   3                  sbit sw2=P1^1;
   4                  sbit sw3=P1^2;
   5                  sbit sw4=P1^3;
   6                  sbit sw5=P1^4;
   7                  sbit sw6=P1^5;
   8                  sbit sw7=P1^6;
   9                  sbit sw8=P1^7;
  10               void main()
  11                  {
  12   1                 P1=0Xff;
  13   1                 if(sw1==1)
  14   1                 {   P2^0==1;
*** WARNING C275 IN LINE 14 OF led.c: expression with possibly no effect
  15   2                 }
  16   1                 else if(sw2==1)
  17   1                 { 
  18   2                 P2^1==1;
*** WARNING C275 IN LINE 18 OF led.c: expression with possibly no effect
  19   2                 }
  20   1                 else if(sw3==1)
  21   1                 { 
  22   2                 P2^2==1;
*** WARNING C275 IN LINE 22 OF led.c: expression with possibly no effect
  23   2                 }
  24   1                 else if(sw4==1)
  25   1                 { 
  26   2                 P2^3==1;
*** WARNING C275 IN LINE 26 OF led.c: expression with possibly no effect
  27   2                 }
  28   1                 else if(sw5==1)
  29   1                 { 
  30   2                 P2^4==1;
*** WARNING C275 IN LINE 30 OF led.c: expression with possibly no effect
  31   2                 }
  32   1                 else if(sw6==1)
  33   1                 { 
  34   2                 P2^5==1;
*** WARNING C275 IN LINE 34 OF led.c: expression with possibly no effect
  35   2                 }
  36   1                 else if(sw7==1)
  37   1                 { 
  38   2                 P2^6==1;
*** WARNING C275 IN LINE 38 OF led.c: expression with possibly no effect
  39   2                 }
  40   1                 else if(sw8==1)
  41   1                 { 
  42   2                 P2^7==1;
*** WARNING C275 IN LINE 42 OF led.c: expression with possibly no effect
  43   2                 }
  44   1                 else
  45   1                 {
  46   2                   P2=0x00;
  47   2                 }
C51 COMPILER V9.05   LED                                                                   11/22/2012 14:51:23 PAGE 2   

  48   1              }
  49          
  50          
  51                     
  52                  


MODULE INFORMATION:   STATIC OVERLAYABLE
   CODE SIZE        =     31    ----
   CONSTANT SIZE    =   ----    ----
   XDATA SIZE       =   ----    ----
   PDATA SIZE       =   ----    ----
   DATA SIZE        =   ----    ----
   IDATA SIZE       =   ----    ----
   BIT SIZE         =   ----    ----
END OF MODULE INFORMATION.


C51 COMPILATION COMPLETE.  8 WARNING(S),  0 ERROR(S)
