C51 COMPILER V9.05   PROJECT_7                                                             11/23/2012 11:32:56 PAGE 1   


C51 COMPILER V9.05, COMPILATION OF MODULE PROJECT_7
OBJECT MODULE PLACED IN project-7.OBJ
COMPILER INVOKED BY: C:\Keil\C51\BIN\C51.EXE project-7.c BROWSE DEBUG OBJECTEXTEND

line level    source

   1                          #include<reg51.h>
   2                                  unsigned char num1[]={0x00,0x01,0x03,0x07,0x0f,0x1f,0x3f,0x7f,0xff};
   3                                  
   4                              sbit sw1=P1^0;
   5                                  sbit sw2=P1^1;
   6                              unsigned char z;
   7                                  
   8                              void main()
   9                                  {
  10   1                                 P1=0xff;
  11   1                                 P2=0x00;
  12   1                                 while(1)
  13   1                                 {
  14   2                                   if(sw1==0)
  15   2                                   {
  16   3                                     z++;
  17   3                                        while(sw1==0) 
  18   3                                         P2=num1[z];
  19   3                                        }
  20   2                                        else if(sw2==0)
  21   2                                        {
  22   3                                          z--;
  23   3                                              while(sw2==0)
  24   3                                               P2=num1[z];
  25   3                                         }
  26   2                                         
  27   2                                      }
  28   1                                      }
  29                                          
  30          
  31                                       
  32                                   


MODULE INFORMATION:   STATIC OVERLAYABLE
   CODE SIZE        =     42    ----
   CONSTANT SIZE    =   ----    ----
   XDATA SIZE       =   ----    ----
   PDATA SIZE       =   ----    ----
   DATA SIZE        =     10    ----
   IDATA SIZE       =   ----    ----
   BIT SIZE         =   ----    ----
END OF MODULE INFORMATION.


C51 COMPILATION COMPLETE.  0 WARNING(S),  0 ERROR(S)
