C51 COMPILER V9.05   PROJECT_8                                                             11/23/2012 10:19:59 PAGE 1   


C51 COMPILER V9.05, COMPILATION OF MODULE PROJECT_8
OBJECT MODULE PLACED IN project-8.OBJ
COMPILER INVOKED BY: C:\Keil\C51\BIN\C51.EXE project-8.c BROWSE DEBUG OBJECTEXTEND

line level    source

   1                                   #include<reg51.h>
   2                                   sbit sw1=P1^0;
   3                                   void main()
   4                                   {
   5   1                                P1=0xff;
   6   1                                P2=0X00;
   7   1                                if(sw1==0)
   8   1                                {
   9   2                                  P2=0xff;
  10   2                                }
  11   1                                else if(sw1==1)
  12   1                                {
  13   2                                   P2=0X00;
  14   2                                }
  15   1                               // else
  16   1                                {
  17   2                                 //P2=0X00;
  18   2                              }
  19   1                              }


MODULE INFORMATION:   STATIC OVERLAYABLE
   CODE SIZE        =     20    ----
   CONSTANT SIZE    =   ----    ----
   XDATA SIZE       =   ----    ----
   PDATA SIZE       =   ----    ----
   DATA SIZE        =   ----    ----
   IDATA SIZE       =   ----    ----
   BIT SIZE         =   ----    ----
END OF MODULE INFORMATION.


C51 COMPILATION COMPLETE.  0 WARNING(S),  0 ERROR(S)
