C51 COMPILER V9.02   NEW                                                                   04/04/2014 16:34:43 PAGE 1   


C51 COMPILER V9.02, COMPILATION OF MODULE NEW
OBJECT MODULE PLACED IN new.OBJ
COMPILER INVOKED BY: C:\Keil\C51\BIN\C51.EXE new.c BROWSE DEBUG OBJECTEXTEND

line level    source

   1          #include<reg51.h>
   2          
   3          sbit motor_left1=P0^0;
   4          sbit motor_left2=P0^1;
   5          sbit motor_right1=P0^2;
   6          sbit motor_right2=P0^3;
   7          
   8          sbit leval4=P2^4;
   9          sbit leval3=P2^5;
  10          sbit leval2=P2^6;
  11          sbit leval1=P2^7;
  12                      
  13          sbit input4=P1^0;
  14          sbit input3=P1^1;
  15          sbit input2=P1^2;
  16          sbit input1=P1^3;
  17          
  18          sbit buzzer=P2^3;
  19          
  20          unsigned char x=0;
  21           void main()
  22           {
  23   1              P1=0x0f ;
  24   1                      P2=0x00;
  25   1                      P3=0xff;
  26   1                      P0=0x00;
  27   1      
  28   1              while(1)
  29   1                      {
  30   2              if((P1&0x0f)==0x07)
  31   2                      {
  32   3                              buzzer=1;
  33   3                  leval4=0;
  34   3                      leval3=1;
  35   3                      leval2=1;
  36   3                  leval1=1;
  37   3                  motor_left1=0;
  38   3                  motor_left2=0;
  39   3                  motor_right1=0;
  40   3                  motor_right2=0;
  41   3                  }
  42   2      
  43   2              if((P1&0x0f)==0x03)
  44   2                  {
  45   3                              buzzer=1;
  46   3                  leval4=0;
  47   3                  leval3=0;
  48   3                      leval2=1;
  49   3                  leval1=1;
  50   3      
  51   3                  motor_left1=0;
  52   3                  motor_left2=0;
  53   3                  motor_right1=0;
  54   3                  motor_right2=0;                                              
  55   3      
C51 COMPILER V9.02   NEW                                                                   04/04/2014 16:34:43 PAGE 2   

  56   3                  }                            
  57   2      
  58   2              if((P1&0x0f)==0x01)
  59   2                      {
  60   3                              buzzer=0;
  61   3                      leval4=0;
  62   3                  leval3=0;
  63   3                  leval2=0;
  64   3                  leval1=1;
  65   3                  
  66   3                      if(x==1)
  67   3                      {
  68   4                      motor_left1=0;
  69   4                  motor_left2=1;
  70   4                  motor_right1=0;
  71   4                  motor_right2=1;
  72   4                      x=0;
  73   4                      }
  74   3      
  75   3                      }
  76   2              if((P1&0x0f)==0x00)
  77   2                      {
  78   3                      buzzer=1;
  79   3                      leval4=0;
  80   3                  leval3=0;
  81   3                  leval2=0;
  82   3                      leval1=0;
  83   3                      x=1;
  84   3                 motor_left1=1;
  85   3                 motor_left2=0;
  86   3                 motor_right1=1;
  87   3                 motor_right2=0;
  88   3      
  89   3                      }
  90   2      
  91   2              if((P1&0x0f)==0x0f)
  92   2                      {
  93   3                       motor_left1=0;
  94   3                   motor_left2=0;
  95   3                   motor_right1=0;
  96   3                   motor_right2=0;
  97   3      
  98   3                      leval1=1;
  99   3                  leval2=1;
 100   3                  leval3=1;
 101   3                  leval4=1;
 102   3               
 103   3                      }
 104   2      
 105   2      
 106   2               }
 107   1         }
 108            


MODULE INFORMATION:   STATIC OVERLAYABLE
   CODE SIZE        =    151    ----
   CONSTANT SIZE    =   ----    ----
   XDATA SIZE       =   ----    ----
   PDATA SIZE       =   ----    ----
   DATA SIZE        =      1    ----
   IDATA SIZE       =   ----    ----
C51 COMPILER V9.02   NEW                                                                   04/04/2014 16:34:43 PAGE 3   

   BIT SIZE         =   ----    ----
END OF MODULE INFORMATION.


C51 COMPILATION COMPLETE.  0 WARNING(S),  0 ERROR(S)
