C51 COMPILER V9.02   NEW2                                                                  04/19/2014 13:33:52 PAGE 1   


C51 COMPILER V9.02, COMPILATION OF MODULE NEW2
OBJECT MODULE PLACED IN new2.OBJ
COMPILER INVOKED BY: C:\Keil\C51\BIN\C51.EXE new2.c BROWSE DEBUG OBJECTEXTEND

line level    source

*** WARNING C500 IN LINE 1 OF NEW2.C: LICENSE ERROR (R201: INVALID LICENSE ID CODE (LIC))

   1          #include<reg51.h>
   2          #include <string.h>
   3          
   4          sbit limitup=P1^4;
   5          sbit limitdown=P1^5;
   6          
   7          sbit motor_left1=P0^0;
   8          sbit motor_left2=P0^1;
   9          sbit motor_right1=P0^2;
  10          sbit motor_right2=P0^3;
  11          
  12          sbit leval4=P2^4;
  13          sbit leval3=P2^5;
  14          sbit leval2=P2^6;
  15          sbit leval1=P2^7;
  16                      
  17          sbit input4=P1^0;
  18          sbit input3=P1^1;
  19          sbit input2=P1^2;
  20          sbit input1=P1^3;
  21          
  22          sbit buzzer=P2^3;
  23          
  24          unsigned char x=0,y=0;
  25          
  26          
  27          void sendbyte(char A)
  28          {
  29   1         SBUF=A;
  30   1         while(TI==0);
  31   1         TI=0;        
  32   1      }
  33          void send(char *A)
  34          {
  35   1              int i;
  36   1              for(i=0;A[i]!=0;i++)
  37   1              {
  38   2               sendbyte(A[i]);
  39   2              }
  40   1      }
  41          void smssendlevel3()
  42          {
  43   1                      unsigned int i;
  44   1                      for(i=0;i<50000;i++);
  45   1                                      send("AT+CMGS=");
  46   1                                  sendbyte(0x22);
  47   1                                      send("9099230210");
  48   1                                      sendbyte (0x22);
  49   1                                      sendbyte (0x0d);
  50   1                                      sendbyte (0x0a);
  51   1                                      for(i=0;i<50000;i++);
  52   1                              send("dam water level 3");
  53   1                                      sendbyte(0x1a);
  54   1      }
C51 COMPILER V9.02   NEW2                                                                  04/19/2014 13:33:52 PAGE 2   

  55          void smssendlevel4()
  56          {
  57   1                      unsigned int i;
  58   1                      for(i=0;i<50000;i++);
  59   1                                      send("AT+CMGS=");
  60   1                                  sendbyte(0x22);
  61   1                                      send("9099230210");
  62   1                                      sendbyte (0x22);
  63   1                                      sendbyte (0x0d);
  64   1                                      sendbyte (0x0a);
  65   1                                      for(i=0;i<50000;i++);
  66   1                              send("dam gate open");
  67   1                                      sendbyte(0x1a);
  68   1      }
  69          
  70           void main()
  71           {
  72   1                      char flag;
  73   1                      
  74   1              P1=0xff;
  75   1                      P2=0x00;
  76   1              //      P3=0xff;
  77   1                      P0=0x00;
  78   1                      SCON  = 0x50;                   /* SCON: mode 1, 8-bit UART, enable rcvr      */
  79   1                  TMOD = 0x20;               /* TMOD: timer 1, mode 2, 8-bit reload        */
  80   1                      TH1   = -3;                /* TH1:  reload value for 1200 baud @ 16MHz   */
  81   1                      TR1   = 1;                  /* TR1:  timer 1 run                          */
  82   1                      TI    = 0;
  83   1                      RI=0;  
  84   1      
  85   1                  while(1)
  86   1                      {
  87   2                      
  88   2              if((P1&0x0f)==0x07)
  89   2                      {
  90   3                        buzzer=1;
  91   3                    leval4=0;
  92   3                        leval3=1;
  93   3                        leval2=1;
  94   3                    leval1=1;
  95   3                  motor_left1=0;
  96   3                  motor_left2=0;
  97   3                  motor_right1=0;
  98   3                  motor_right2=0;
  99   3                  }
 100   2      
 101   2              if((P1&0x0f)==0x03)
 102   2                  {
 103   3                              buzzer=1;
 104   3                              flag=1;
 105   3                          y=0;
 106   3                              leval4=0;
 107   3                      leval3=0;
 108   3                              leval2=1;
 109   3                      leval1=1;
 110   3      
 111   3                      motor_left1=0;
 112   3                      motor_left2=0;
 113   3                      motor_right1=0;
 114   3                      motor_right2=0;                                          
 115   3                      }                                
 116   2      
C51 COMPILER V9.02   NEW2                                                                  04/19/2014 13:33:52 PAGE 3   

 117   2              if((P1&0x0f)==0x01)
 118   2                      {
 119   3                              if(flag==1)
 120   3                              {
 121   4                                      buzzer=0;
 122   4                          }
 123   3                              leval4=0;
 124   3                      leval3=0;
 125   3                      leval2=0;
 126   3                      leval1=1;
 127   3                              if(y==0)
 128   3                              {
 129   4                                      smssendlevel3();
 130   4                                      y=1;
 131   4                              }
 132   3                      
 133   3      
 134   3                       if(x==1)
 135   3                       {
 136   4                 motor_left1=0;
 137   4                     motor_left2=1;
 138   4                     motor_right1=0;
 139   4                     motor_right2=1;
 140   4                     x=0;
 141   4                         if(y==0)
 142   4                         {
 143   5                           smssendlevel3();
 144   5                               y=1;
 145   5                         }
 146   4                         while(limitdown==1);
 147   4                         motor_left1=0;
 148   4                     motor_left2=0;
 149   4                     motor_right1=0;
 150   4                     motor_right2=0;
 151   4                       }
 152   3      
 153   3                  }
 154   2              if((P1&0x0f)==0x00)
 155   2                      {
 156   3                      buzzer=1;
 157   3                      flag=0;
 158   3                      leval4=0;
 159   3                  leval3=0;
 160   3                  leval2=0;
 161   3                      leval1=0;
 162   3                      x=1;
 163   3                      y=0;
 164   3                  if(y==0)
 165   3                      {
 166   4                          smssendlevel4();
 167   4                              y=1;
 168   4                      }
 169   3                  motor_left1=1;
 170   3                  motor_left2=0;
 171   3                  motor_right1=1;
 172   3                  motor_right2=0;
 173   3                  while(limitup==1);
 174   3                  motor_left1=0;
 175   3                  motor_left2=0;
 176   3                  motor_right1=0;
 177   3                  motor_right2=0;
 178   3              }
C51 COMPILER V9.02   NEW2                                                                  04/19/2014 13:33:52 PAGE 4   

 179   2      
 180   2              if((P1&0x0f)==0x0f)
 181   2                      {
 182   3                         motor_left1=0;
 183   3                     motor_left2=0;
 184   3                     motor_right1=0;
 185   3                     motor_right2=0;
 186   3                 leval1=1;
 187   3                     leval2=1;
 188   3                     leval3=1;
 189   3                     leval4=1;
 190   3                 buzzer=1;
 191   3                  }
 192   2           }
 193   1         }
 194            


MODULE INFORMATION:   STATIC OVERLAYABLE
   CODE SIZE        =    464    ----
   CONSTANT SIZE    =     52    ----
   XDATA SIZE       =   ----    ----
   PDATA SIZE       =   ----    ----
   DATA SIZE        =      2       4
   IDATA SIZE       =   ----    ----
   BIT SIZE         =   ----    ----
END OF MODULE INFORMATION.


C51 COMPILATION COMPLETE.  1 WARNING(S),  0 ERROR(S)
