C51 COMPILER V9.05   PROJECT_15                                                            11/27/2012 15:16:35 PAGE 1   


C51 COMPILER V9.05, COMPILATION OF MODULE PROJECT_15
OBJECT MODULE PLACED IN PROJECT-15.OBJ
COMPILER INVOKED BY: C:\Keil\C51\BIN\C51.EXE PROJECT-15.C BROWSE DEBUG OBJECTEXTEND

line level    source

   1                    #include<reg51.h>
   2                    sbit sq1=P2^2;
   3                    unsigned int i;
   4                    bit sq=0;
   5                    void ISR_t0(void) interrupt 0
   6                    {
   7   1                sq=~sq;
   8   1                        for(i=1;i<10000;i++);
   9   1                        TR0=sq;
  10   1                }
  11                    void ISR_t1(void) interrupt 1
  12                    {
  13   1                    TF0=0;
  14   1                        TL0=0x34;
  15   1                        TH0=0xfe;
  16   1                        TR0=sq;
  17   1                        for(i=1;i<10000;i++);
  18   1                        sq1=~sq1;
  19   1                }
  20                    void main()
  21                    {
  22   1                   
  23   1                       TMOD=0x01;
  24   1                       IE=0x83;
  25   1                       TL0=0x34;
  26   1                       TH0=0xfe;
  27   1                       TR0=1;
  28   1                       while(1);
  29   1                }
  30          
  31          
  32                    


MODULE INFORMATION:   STATIC OVERLAYABLE
   CODE SIZE        =     98    ----
   CONSTANT SIZE    =   ----    ----
   XDATA SIZE       =   ----    ----
   PDATA SIZE       =   ----    ----
   DATA SIZE        =      2    ----
   IDATA SIZE       =   ----    ----
   BIT SIZE         =      1    ----
END OF MODULE INFORMATION.


C51 COMPILATION COMPLETE.  0 WARNING(S),  0 ERROR(S)
