C51 COMPILER V9.05   PROJECT_10                                                            11/29/2012 08:44:26 PAGE 1   


C51 COMPILER V9.05, COMPILATION OF MODULE PROJECT_10
OBJECT MODULE PLACED IN project-10.OBJ
COMPILER INVOKED BY: C:\Keil\C51\BIN\C51.EXE project-10.c BROWSE DEBUG OBJECTEXTEND

line level    source

   1                              #include<reg51.h>
   2                              unsigned char num[11]={0x3f,0x06,0x5b,0x4f,0x66,0x6d,0x7d,0x07,0xff,0x6f,0x3f};
   3                                  //unsigned char num1[4]={0x01,0x03,0x07,0x0f};
   4                              unsigned char z,x,y,w,i;
   5                                  unsigned int j;
   6                                  void main()
   7                                  {
   8   1                                while(1)
   9   1                                {      
  10   2                                   for(w=1;w<11;w++)
  11   2                                       {   
  12   3                                            for(x=1;x<11;x++)
  13   3                                                {
  14   4                                                   for(y=1;y<11;y++)
  15   4                                                       {
  16   5                                                   for(z=0;z<11;z++)
  17   5                                                   {     
  18   6                                                                     P3=0x01;
  19   6                                                             for(j=1;j<20000;j++);
  20   6                                                         P0=num[z];
  21   6                                                               }
  22   5                                                               P3=0x02;
  23   5                                                               P0=num[y];
  24   5                                                       }
  25   4                                                       P3=0x04;
  26   4                                                       P0=num[x];
  27   4                                            }
  28   3                                                P3=0x08;
  29   3                                                P0=num[w];
  30   3                               }
  31   2                                }
  32   1                              }
  33                          
  34          
  35                                      


MODULE INFORMATION:   STATIC OVERLAYABLE
   CODE SIZE        =    109    ----
   CONSTANT SIZE    =   ----    ----
   XDATA SIZE       =   ----    ----
   PDATA SIZE       =   ----    ----
   DATA SIZE        =     18    ----
   IDATA SIZE       =   ----    ----
   BIT SIZE         =   ----    ----
END OF MODULE INFORMATION.


C51 COMPILATION COMPLETE.  0 WARNING(S),  0 ERROR(S)
