C51 COMPILER V9.03   LED                                                                   09/07/2011 21:41:44 PAGE 1   


C51 COMPILER V9.03, COMPILATION OF MODULE LED
OBJECT MODULE PLACED IN led.OBJ
COMPILER INVOKED BY: C:\Keil\C51\BIN\C51.EXE led.c BROWSE DEBUG OBJECTEXTEND

line level    source

   1          #include <reg51.H>
   2          
   3          void main()
   4          {
   5   1      
   6   1              unsigned char a;
   7   1              TMOD = 0x20;
   8   1              TH1 = 0xfd;
   9   1              SCON = 0x50;
  10   1              TR1 = 1;
  11   1              P1 = 0x00;
  12   1      
  13   1              while(1)
  14   1              {
  15   2      
  16   2                      while(RI == 0);
  17   2                      a = SBUF;
  18   2      
  19   2                      if (a == 'a')
  20   2                      {
  21   3      
  22   3                              P1 = 0x00;
  23   3      
  24   3                      }
  25   2                      if (a == 'b')
  26   2                      {
  27   3                              
  28   3                              P1 = 0xff;
  29   3      
  30   3                      }
  31   2                      RI = 0;
  32   2              }
  33   1      
  34   1      }


MODULE INFORMATION:   STATIC OVERLAYABLE
   CODE SIZE        =     35    ----
   CONSTANT SIZE    =   ----    ----
   XDATA SIZE       =   ----    ----
   PDATA SIZE       =   ----    ----
   DATA SIZE        =   ----    ----
   IDATA SIZE       =   ----    ----
   BIT SIZE         =   ----    ----
END OF MODULE INFORMATION.


C51 COMPILATION COMPLETE.  0 WARNING(S),  0 ERROR(S)
