C51 COMPILER V9.05   PROJECT_19                                                            11/28/2012 12:20:00 PAGE 1   


C51 COMPILER V9.05, COMPILATION OF MODULE PROJECT_19
OBJECT MODULE PLACED IN project-19.OBJ
COMPILER INVOKED BY: C:\Keil\C51\BIN\C51.EXE project-19.c BROWSE DEBUG OBJECTEXTEND

line level    source

   1                            #include<reg51.h>
   2                        void main()
   3                       {
   4   1                        TMOD=0x05;
   5   1                        TR0=1; 
   6   1                        while(TF0==0)
   7   1                        {
   8   2                          P1=TL0;
   9   2                        }
  10   1                        TF0=0;
  11   1                      }
  12                           
  13                    
  14                          
  15          
  16                    


MODULE INFORMATION:   STATIC OVERLAYABLE
   CODE SIZE        =     16    ----
   CONSTANT SIZE    =   ----    ----
   XDATA SIZE       =   ----    ----
   PDATA SIZE       =   ----    ----
   DATA SIZE        =   ----    ----
   IDATA SIZE       =   ----    ----
   BIT SIZE         =   ----    ----
END OF MODULE INFORMATION.


C51 COMPILATION COMPLETE.  0 WARNING(S),  0 ERROR(S)
