C51 COMPILER V9.02   MATRIX                                                                10/02/2013 10:13:45 PAGE 1   


C51 COMPILER V9.02, COMPILATION OF MODULE MATRIX
OBJECT MODULE PLACED IN matrix.OBJ
COMPILER INVOKED BY: C:\Keil\C51\BIN\C51.EXE matrix.c BROWSE DEBUG OBJECTEXTEND

line level    source

*** WARNING C500 IN LINE 1 OF MATRIX.C: LICENSE ERROR (R201: INVALID LICENSE ID CODE (LIC))

   1          #include <reg51.h>
   2          
   3          int a[5]={0x01,0x02,0x04,0x08,0x10};
   4          int b[5]={0x00,0xfd,0xfb,0xf7,0xe0};
   5          
   6          void delay(unsigned int time)
   7          {
   8   1         int i,j;
   9   1         for(i=0;i<time;i++)
  10   1         {
  11   2             for(j=0;j<1275;j++);
  12   2         }
  13   1      }
  14          void main()
  15          {
  16   1          int i,j;
  17   1              P1=0xff;
  18   1              P2=0x00;
  19   1              while(1)
  20   1              {
  21   2                 for(i=0;i<5;i++)
  22   2                 {
  23   3                   P2=a[i];
  24   3                       P1=b[i];
  25   3                       delay(1);
  26   3                       P1=0xff;
  27   3                   P0=0x00;
  28   3                 }
  29   2      
  30   2              }
  31   1      }
*** WARNING C280 IN LINE 16 OF MATRIX.C: 'j': unreferenced local variable


MODULE INFORMATION:   STATIC OVERLAYABLE
   CODE SIZE        =     89    ----
   CONSTANT SIZE    =   ----    ----
   XDATA SIZE       =   ----    ----
   PDATA SIZE       =   ----    ----
   DATA SIZE        =     20       2
   IDATA SIZE       =   ----    ----
   BIT SIZE         =   ----    ----
END OF MODULE INFORMATION.


C51 COMPILATION COMPLETE.  2 WARNING(S),  0 ERROR(S)
