C51 COMPILER V9.05   0_9                                                                   11/29/2012 10:42:19 PAGE 1   


C51 COMPILER V9.05, COMPILATION OF MODULE 0_9
OBJECT MODULE PLACED IN 0-9.OBJ
COMPILER INVOKED BY: C:\Keil\C51\BIN\C51.EXE 0-9.c BROWSE DEBUG OBJECTEXTEND

line level    source

   1                              #include<reg51.h>
   2                              unsigned char num[]={0x3f,0x06,0x5b,0x4f,0x66,0x6d,0x7d,0x07,0xff,0x6f,0x3f};
   3                              unsigned char z,x,y,w,i;
   4                                  unsigned int j;
   5                                  void main()
   6                                  {
   7   1                                while(1)
   8   1                                {      
   9   2                                   for(w=1;w<11;w++)
  10   2                                       {   
  11   3                                            for(x=1;x<11;x++)
  12   3                                                {
  13   4                                                   for(y=1;y<11;y++)
  14   4                                                       {
  15   5                                                   for(z=0;z<11;z++)
  16   5                                                   {     
  17   6                                                                     P3=0x01;
  18   6                                                             for(j=1;j<60000;j++);
  19   6                                                         P0=num[z];
  20   6                                                                         P3=0x02;
  21   6                                                                     P0=num[y];
  22   6                                                                          P3=0x04;
  23   6                                                                  P0=num[x];
  24   6                                                                              P3=0x04;
  25   6                                                                P0=num[x];
  26   6                                                                         P3=0x08;
  27   6                                                            P0=num[w];
  28   6                                                               }
  29   5                                                   }
  30   4                                                }
  31   3                                    }
  32   2                                }
  33   1                         }
  34          
  35                                      


MODULE INFORMATION:   STATIC OVERLAYABLE
   CODE SIZE        =    128    ----
   CONSTANT SIZE    =   ----    ----
   XDATA SIZE       =   ----    ----
   PDATA SIZE       =   ----    ----
   DATA SIZE        =     18    ----
   IDATA SIZE       =   ----    ----
   BIT SIZE         =   ----    ----
END OF MODULE INFORMATION.


C51 COMPILATION COMPLETE.  0 WARNING(S),  0 ERROR(S)
