C51 COMPILER V9.05   PROJECT_14                                                            11/27/2012 14:15:09 PAGE 1   


C51 COMPILER V9.05, COMPILATION OF MODULE PROJECT_14
OBJECT MODULE PLACED IN project-14.OBJ
COMPILER INVOKED BY: C:\Keil\C51\BIN\C51.EXE project-14.c BROWSE DEBUG OBJECTEXTEND

line level    source

   1                          #include<reg51.h>
   2                          #include"lcd4bit.h"
   3                          sbit led=P3^5;
   4                      unsigned char k,l;
   5                          unsigned char num3[4]={0xf7,0xfb,0xfd,0xfe};
   6                          unsigned char U[3]={'1','2','3'},M[3];
   7                          void main()
   8                      {
   9   1                       lcdinit();
  10   1                       while(1)
  11   1                       {
  12   2                         for(l=0;l<3;l++)
  13   2                         { 
  14   3                   for(k=0;k<4;k++)
  15   3                                {
  16   4                                 P1=num3[k];
  17   4                                 if(P1==0x77)
  18   4                                 {
  19   5                                     while(P1==0x77);
  20   5                                      lcd_datac('0');
  21   5                                              M[l]=U[l];
  22   5                                                                
  23   5                                 }
  24   4                                 
  25   4                                 else if(P1==0x7b)
  26   4                                 {
  27   5                                      while(P1==0x7b);
  28   5                                      lcd_datac('1');
  29   5                                          M[l]=U[l];
  30   5                                      
  31   5                                 }
  32   4                                 else if(P1==0x7d)
  33   4                                 {
  34   5                                      while(P1==0x7d);
  35   5                                      lcd_datac('2');
  36   5                                         M[l]=U[l];
  37   5                                      
  38   5                                 }
  39   4      
  40   4                                 else if(P1==0x7e)
  41   4                                 {
  42   5                                      while(P1==0x7e);
  43   5                                      lcd_datac('3');
  44   5                                               M[l]=U[l];
  45   5                                 }
  46   4                                 else if(P1==0xb7)
  47   4                                 {
  48   5                                     while(P1==0xb7);
  49   5                                     lcd_datac('4');
  50   5                                         M[l]=U[l];
  51   5                     }
  52   4                                 else if(P1==0xbb)
  53   4                                 {
  54   5                                     while(P1==0xbb);
  55   5                                      lcd_datac('5');
C51 COMPILER V9.05   PROJECT_14                                                            11/27/2012 14:15:09 PAGE 2   

  56   5                                              M[l]=U[l];
  57   5                                 }
  58   4                                 else if(P1==0xbd)
  59   4                                 {
  60   5                                      while(P1==0xbd);
  61   5                                      lcd_datac('6');
  62   5                                              M[l]=U[l];
  63   5                                              
  64   5                             }
  65   4                                 else if(P1==0xbe)
  66   4                                 {
  67   5                                      while(P1==0xbe);   
  68   5                                      lcd_datac('7');
  69   5                                              M[l]=U[l];
  70   5                                 }
  71   4                                  else if(P1==0xd7)
  72   4                                 {
  73   5                                     while(P1==0xd7);
  74   5                                     lcd_datac('8');
  75   5                                              M[l]=U[l];
  76   5                                 }
  77   4                                  else if(P1==0xdb)
  78   4                                 {
  79   5                                     while(P1==0xdb);
  80   5                                     lcd_datac('9');
  81   5                                         M[l]=U[l];
  82   5                                 }
  83   4                                  else if(P1==0xdd)
  84   4                                 {
  85   5                                     while(P1==0xdd);
  86   5                                     lcd_datac('a');
  87   5                                         M[l]=U[l];
  88   5                                 }
  89   4                                  else if(P1==0xde)
  90   4                                 {
  91   5                                      while(P1==0xde);
  92   5                                      lcd_datac('b');
  93   5                                              M[l]=U[l];
  94   5                                 }
  95   4                                  else if(P1==0xe7)
  96   4                                 {
  97   5                                     while(P1==0xe7);
  98   5                                     lcd_datac('c');
  99   5                                         M[l]=U[l];
 100   5                                         
 101   5                                 }
 102   4                                  else if(P1==0xeb)
 103   4                                 {
 104   5                                     while(P1==0xeb);
 105   5                                     lcd_datac('d');
 106   5                                         M[l]=U[l];
 107   5                                 }
 108   4                                  else if(P1==0xed)
 109   4                                 {    while(P1==0xed);
 110   5                                      lcd_datac('e');
 111   5                                              M[l]=U[l];
 112   5                                 }
 113   4                                  else if(P1==0xee)
 114   4                                 {   
 115   5                                      while(P1==0xee);
 116   5                                      lcd_datac('f');
 117   5                                          M[l]=U[l];
C51 COMPILER V9.05   PROJECT_14                                                            11/27/2012 14:15:09 PAGE 3   

 118   5                                 }
 119   4                                 while(1)
 120   4                                 {
 121   5                                       if(M[l]==1)
 122   5                                       {
 123   6                                         if(M[l]==2)
 124   6                                         {
 125   7                                           if(M[l]==3)
 126   7                                               {
 127   8                                                 led=1;
 128   8                                               }
 129   7                                               else
 130   7                                           {
 131   8                                              lcddatas(2,"error");
 132   8                                       }
 133   7                                         }
 134   6                                       }
 135   5                                       
 136   5                   }
 137   4               }
 138   3           }
 139   2        }
 140   1       }


MODULE INFORMATION:   STATIC OVERLAYABLE
   CODE SIZE        =    634    ----
   CONSTANT SIZE    =      6    ----
   XDATA SIZE       =   ----    ----
   PDATA SIZE       =   ----    ----
   DATA SIZE        =     12      10
   IDATA SIZE       =   ----    ----
   BIT SIZE         =   ----    ----
END OF MODULE INFORMATION.


C51 COMPILATION COMPLETE.  0 WARNING(S),  0 ERROR(S)
