C51 COMPILER V9.02   ELEVATOR                                                              10/02/2013 11:07:37 PAGE 1   


C51 COMPILER V9.02, COMPILATION OF MODULE ELEVATOR
OBJECT MODULE PLACED IN ELEVATOR.OBJ
COMPILER INVOKED BY: C:\Keil\C51\BIN\C51.EXE ELEVATOR.C BROWSE DEBUG OBJECTEXTEND

line level    source

*** WARNING C500 IN LINE 1 OF ELEVATOR.C: LICENSE ERROR (R201: INVALID LICENSE ID CODE (LIC))

   1          #include<reg51.h>
   2          
   3          sbit sw1=P1^0;
   4          sbit sw2=P1^1;
   5          sbit sw3=P1^2;
   6          sbit sw4=P1^3;
   7          sbit sw5=P1^4;
   8          sbit sw6=P1^5;
   9          sbit sw7=P1^6;
  10          sbit sw8=P1^7;
  11          
  12          sbit led1=P3^0;
  13          sbit led2=P3^1;
  14          sbit led3=P3^2;
  15          sbit led4=P3^3;
  16          sbit led5=P3^4;
  17          sbit led6=P3^5;
  18          sbit led7=P3^6;
  19          sbit led8=P3^7;
  20          
  21          char a[8]={0x01,0x02,0x04,0x08,0x10,0x20,0x40,0x80};
  22          char b[8]={0x80,0x40,0x20,0x10,0x08,0x04,0x02,0x01};
  23          
  24          void delay(unsigned int ms)
  25          {
  26   1         int i,j;
  27   1         for(i=0;i<ms;i++)
  28   1         {
  29   2            for(j=0;j<1275;j++);
  30   2         }
  31   1      }
  32          void increment()
  33          {
  34   1         char i; 
  35   1         for(i=0;i<=7;i++)
  36   1         {
  37   2             P3=a[i];
  38   2                 delay(1);
  39   2         }
  40   1      }
  41          
  42          void decrement(unsigned char m)
  43          {
  44   1         char i; 
  45   1         for(i=0;i<=m;i++)
  46   1         {
  47   2             P3=b[i];
  48   2                 delay(100);
  49   2         }
  50   1      }
  51            
  52          
  53          void main()
  54          {
C51 COMPILER V9.02   ELEVATOR                                                              10/02/2013 11:07:37 PAGE 2   

  55   1        
  56   1             // static char new=0,old=0;
  57   1              P3=0x00;
  58   1                      P1=0xff;
  59   1                      if(sw1==0)
  60   1                      {
  61   2                        // decrement(0);                    
  62   2                         led8=1;
  63   2              }
  64   1                       if(sw2==0)
  65   1                      {
  66   2                       // decrement(1);
  67   2                         led7=1;
  68   2                      }
  69   1                       if(sw3==0)
  70   1                      {
  71   2                        //decrement(2);
  72   2                      }
  73   1                      else if(sw4==0)
  74   1                      {
  75   2                        //decrement(3);
  76   2                      }
  77   1                      else if(sw5==0)
  78   1                      {
  79   2                       // decrement(4);
  80   2                      }
  81   1                      else if(sw6==0)
  82   1                      {
  83   2                        //decrement(5);
  84   2                      }
  85   1                      else if(sw7==0)
  86   1                      {
  87   2                        //decrement(6);
  88   2                      }       
  89   1                      else if(sw8==0)
  90   1                      {
  91   2                        //decrement(7);
  92   2                      }
  93   1      
  94   1                      
  95   1              
  96   1      
  97   1              
  98   1      
  99   1           }
 100          


MODULE INFORMATION:   STATIC OVERLAYABLE
   CODE SIZE        =    109    ----
   CONSTANT SIZE    =   ----    ----
   XDATA SIZE       =   ----    ----
   PDATA SIZE       =   ----    ----
   DATA SIZE        =     16       1
   IDATA SIZE       =   ----    ----
   BIT SIZE         =   ----    ----
END OF MODULE INFORMATION.


C51 COMPILATION COMPLETE.  1 WARNING(S),  0 ERROR(S)
