C51 COMPILER V9.02   LED                                                                   02/13/2015 20:26:46 PAGE 1   


C51 COMPILER V9.02, COMPILATION OF MODULE LED
OBJECT MODULE PLACED IN led.OBJ
COMPILER INVOKED BY: C:\Keil\C51\BIN\C51.EXE led.c BROWSE DEBUG OBJECTEXTEND

line level    source

*** WARNING C500 IN LINE 1 OF LED.C: LICENSE ERROR (R201: INVALID LICENSE ID CODE (LIC))

   1          #include<reg51.h>
   2          void increment();
   3          void decrement();
   4          void shift_left();
   5          void shift_right();
   6          void shift_rightfull();
   7          void shift_leftfull();
   8          void delay(unsigned int time);
   9          int a[8]={0x80,0x40,0x20,0x10,0x08,0x04,0x02,0x01};
  10          int b[8]={0x01,0x02,0x04,0x08,0x10,0x20,0x40,0x80};
  11          int e[8]={0x80,0xc0,0xe0,0xfe,0xf8,0xfc,0xfe,0xff};
  12          int f[8]={0xfe,0xfc,0xf8,0xfe,0xe0,0xc0,0x80,0x00};
  13          void main()
  14          {
  15   1         increment();
  16   1         delay(200);
  17   1         decrement();
  18   1         delay(200);
  19   1         shift_left();
  20   1         delay(200);
  21   1         shift_right();
  22   1         delay(200);
  23   1         shift_rightfull();
  24   1         delay(200);
  25   1         shift_leftfull();
  26   1         delay(200);
  27   1      }
  28          void delay(unsigned int time)
  29          {
  30   1         int i,j;
  31   1         for(i=0;i<time;i++)
  32   1         {
  33   2             for(j=0;j<1275;j++);
  34   2         }
  35   1      }
  36          void increment()
  37          {
  38   1         unsigned int k;
  39   1         for(k=0;k<256;k++)
  40   1         {
  41   2               delay(20);
  42   2               P1=k;
  43   2         }
  44   1      }
  45          void decrement()
  46          {
  47   1         unsigned int m;
  48   1         for(m=255;m>0;m--)
  49   1         {
  50   2               delay(20);
  51   2               P1=m;
  52   2         }
  53   1      }
  54          void shift_right()
C51 COMPILER V9.02   LED                                                                   02/13/2015 20:26:46 PAGE 2   

  55          {
  56   1            int n;
  57   1                for(n=0;n<9;n++)
  58   1                {
  59   2                      delay(200);
  60   2                      P1=a[n];
  61   2                }
  62   1      }
  63          void shift_left()
  64          {
  65   1            int c;
  66   1                for(c=0;c<9;c++)
  67   1                {
  68   2                    delay(200);
  69   2                    P1=b[c];
  70   2                }
  71   1      }
  72          void shift_rightfull()
  73          {
  74   1               int d;
  75   1               for(d=0;d<9;d++)
  76   1               {
  77   2                   delay(200);
  78   2                   P1=e[d];
  79   2               }
  80   1      }
  81          void shift_leftfull()
  82          {
  83   1               int g;
  84   1               for(g=0;g<9;g++)
  85   1               {
  86   2                   delay(200);
  87   2                   P1=f[g];
  88   2               }
  89   1      }


MODULE INFORMATION:   STATIC OVERLAYABLE
   CODE SIZE        =    240    ----
   CONSTANT SIZE    =   ----    ----
   XDATA SIZE       =   ----    ----
   PDATA SIZE       =   ----    ----
   DATA SIZE        =     64    ----
   IDATA SIZE       =   ----    ----
   BIT SIZE         =   ----    ----
END OF MODULE INFORMATION.


C51 COMPILATION COMPLETE.  1 WARNING(S),  0 ERROR(S)
