C51 COMPILER V9.03   TASK2_2                                                               06/19/2013 14:41:56 PAGE 1   


C51 COMPILER V9.03, COMPILATION OF MODULE TASK2_2
OBJECT MODULE PLACED IN task2-2.OBJ
COMPILER INVOKED BY: D:\Program Files\C51\BIN\C51.EXE task2-2.c BROWSE DEBUG OBJECTEXTEND

line level    source

   1          #include<reg51.h>
   2          sfr led=0x90;
   3          sbit sw=P2^2;
   4          void increment();
   5          void delay(unsigned int time);
   6          void main()
   7          {
   8   1         led=0x00;
   9   1         while(1)
  10   1         {
  11   2           if(sw==0)
  12   2           {
  13   3              increment();
  14   3                      delay(20);
  15   3           }
  16   2           else;
  17   2         }
  18   1      }
  19          void increment()
  20          {
  21   1          
  22   1              
  23   1             led++;
  24   1                 
  25   1      }  
  26          void delay(unsigned int time)
  27           {
  28   1           int i,j;
  29   1           for(i=0;i<time;i++)
  30   1           {
  31   2             for(j=0;j<1275;j++);
  32   2           }
  33   1      }
  34                     


MODULE INFORMATION:   STATIC OVERLAYABLE
   CODE SIZE        =     53    ----
   CONSTANT SIZE    =   ----    ----
   XDATA SIZE       =   ----    ----
   PDATA SIZE       =   ----    ----
   DATA SIZE        =   ----    ----
   IDATA SIZE       =   ----    ----
   BIT SIZE         =   ----    ----
END OF MODULE INFORMATION.


C51 COMPILATION COMPLETE.  0 WARNING(S),  0 ERROR(S)
