C51 COMPILER V9.03   TASK2_1                                                               06/19/2013 16:29:17 PAGE 1   


C51 COMPILER V9.03, COMPILATION OF MODULE TASK2_1
OBJECT MODULE PLACED IN task2-1.OBJ
COMPILER INVOKED BY: D:\Program Files\C51\BIN\C51.EXE task2-1.c BROWSE DEBUG OBJECTEXTEND

line level    source

   1          #include<reg51.h>
   2          sbit sw=P2^0;
   3          void shift_left();
   4          void shift_right();
   5          void shift_rightfull();
   6          void shift_leftfull();
   7          void delay(unsigned int time);
   8          int a[8]={0x80,0x40,0x20,0x10,0x08,0x04,0x02,0x01};
   9          int b[8]={0x01,0x02,0x04,0x08,0x10,0x20,0x40,0x80};
  10          int e[8]={0x80,0xc0,0xe0,0xfe,0xf8,0xfc,0xfe,0xff};
  11          int f[8]={0xfe,0xfc,0xf8,0xfe,0xe0,0xc0,0x80,0x00};
  12          void main()
  13          {
  14   1        while(1)
  15   1        { 
  16   2           
  17   2                  while(sw==0);
  18   2                  while(sw==1)
  19   2                      {
  20   3                shift_right();
  21   3                        delay(20);
  22   3                      }
  23   2                      while(sw==0);
  24   2                  while(sw==1)
  25   2                      {
  26   3                          shift_left();
  27   3                          delay(20);
  28   3                      }
  29   2                      while(sw==0);
  30   2                  while(sw==1)
  31   2                       {
  32   3                           shift_rightfull();
  33   3                               delay(20);
  34   3                       }
  35   2                       while(sw==0);
  36   2                   while(sw==1)
  37   2                       {
  38   3                              shift_leftfull();
  39   3                              delay(20);
  40   3                       }
  41   2      
  42   2        }
  43   1      }               
  44          void delay(unsigned int time)
  45          {
  46   1         int i,j;
  47   1         for(i=0;i<time;i++)
  48   1         {
  49   2             for(j=0;j<1275;j++);
  50   2                 if(sw==0)
  51   2                 { 
  52   3                    break;
  53   3                 }
  54   2                 else;
  55   2         }
C51 COMPILER V9.03   TASK2_1                                                               06/19/2013 16:29:17 PAGE 2   

  56   1      
  57   1      }
  58          void shift_right()
  59          {
  60   1            int n;
  61   1                for(n=0;n<9;n++)
  62   1                {
  63   2                      P1=a[n];
  64   2                }             delay(20);
  65   1      }
  66          void shift_left()
  67          {
  68   1            int c;
  69   1                for(c=0;c<9;c++)
  70   1                {
  71   2                   
  72   2                    P1=b[c];
  73   2                        delay(20);
  74   2                }
  75   1      }
  76          void shift_rightfull()
  77          {
  78   1               int d;
  79   1               for(d=0;d<9;d++)
  80   1               {
  81   2                   
  82   2                   P1=e[d];
  83   2                       delay(20);
  84   2               }
  85   1      }
  86          void shift_leftfull()
  87          {
  88   1               int g;
  89   1               for(g=0;g<9;g++)
  90   1               {
  91   2                   
  92   2                   P1=f[g];
  93   2                       delay(20);
  94   2               }
  95   1      }
  96          


MODULE INFORMATION:   STATIC OVERLAYABLE
   CODE SIZE        =    200    ----
   CONSTANT SIZE    =   ----    ----
   XDATA SIZE       =   ----    ----
   PDATA SIZE       =   ----    ----
   DATA SIZE        =     64    ----
   IDATA SIZE       =   ----    ----
   BIT SIZE         =   ----    ----
END OF MODULE INFORMATION.


C51 COMPILATION COMPLETE.  0 WARNING(S),  0 ERROR(S)
