C51 COMPILER V9.05   PROJECT_20                                                            11/29/2012 11:11:08 PAGE 1   


C51 COMPILER V9.05, COMPILATION OF MODULE PROJECT_20
OBJECT MODULE PLACED IN PROJECT-20.OBJ
COMPILER INVOKED BY: C:\Keil\C51\BIN\C51.EXE PROJECT-20.C BROWSE DEBUG OBJECTEXTEND

line level    source

   1                           #include<reg51.h>
   2                           unsigned char n[]={0x3f,0x06,0x5b,0x4f,0x66,0x6d,0x7d,0x07,0xff,0x6f};
   3                           unsigned char m[]={0xf7,0xfb,0xfd,0xfe};
   4                           unsigned char c,j,k[3],x,y,i,l;
   5                           void add()
   6                           {       
   7   1                           x=1;
   8   1                       }
   9                           void sub()
  10                           {      
  11   1                           x=2;       
  12   1                       }
  13                           void eq()
  14                           {
  15   1                              P0=n[1];
  16   1                         if(x==1)
  17   1                           {
  18   2                            c=k[0]+k[1];
  19   2                            P0=n[c];
  20   2                                i=0;
  21   2                            x=0;
  22   2                                }
  23   1                         else if(x==2)
  24   1                         {    
  25   2                              c=k[0]-k[1];
  26   2                              P0=n[c];
  27   2                                  y=0;
  28   2                         }
  29   1      
  30   1                       }
  31                           void main()
  32                           {
  33   1                         i=0;
  34   1                         while(1)
  35   1                         {
  36   2                            P3=0x01;
  37   2                                for(j=0;j<4;j++)
  38   2                                {
  39   3                                  P1=m[j];
  40   3                                  if(P1==0x77)
  41   3                                  {
  42   4                                     while(P1==0x77);
  43   4                                         P0=n[0];
  44   4                                         k[i]=0;      
  45   4                                         i++;
  46   4                                  }
  47   3                                 else if(P1==0x7b)
  48   3                                 {
  49   4                                      while(P1==0x7b);
  50   4                                      P0=n[1];
  51   4                                          k[i]=1;
  52   4                                              i++;            
  53   4                                 }
  54   3                                 else if(P1==0x7d)
  55   3                                 {
C51 COMPILER V9.05   PROJECT_20                                                            11/29/2012 11:11:08 PAGE 2   

  56   4                                      while(P1==0x7d);
  57   4                                      P0=n[2];
  58   4                                              k[i]=2;
  59   4                                              i++;            
  60   4                                                      
  61   4                                 }
  62   3                                 else if(P1==0x7e)
  63   3                                 {
  64   4                                      while(P1==0x7e);
  65   4                                      P0=n[3];
  66   4                                          k[i]=3;
  67   4                                              i++;            
  68   4                                 }    
  69   3                                 else if(P1==0xb7)
  70   3                                 {
  71   4                                      while(P1==0xb7);
  72   4                                      P0=n[4];
  73   4                                          k[i]=4;
  74   4                                              i++;              
  75   4                     }
  76   3                                 else if(P1==0xbb)
  77   3                                 {
  78   4                                      while(P1==0xbb);
  79   4                                      P0=n[5];
  80   4                                          k[i]=5;
  81   4                                              i++;    
  82   4                                 }
  83   3                                 else if(P1==0xbd)
  84   3                                 {
  85   4                                       while(P1==0xbd);
  86   4                                       P0=n[6];
  87   4                                               k[i]=6;
  88   4                                               i++;   
  89   4                             }
  90   3                                 else if(P1==0xbe)
  91   3                                 {
  92   4                                       while(P1==0xbe);   
  93   4                                       P0=n[7];
  94   4                                               k[i]=7;
  95   4                                               i++;           
  96   4                                 }
  97   3                                  else if(P1==0xd7)
  98   3                                 {
  99   4                                      while(P1==0xd7);
 100   4                                      P0=n[8];
 101   4                                          k[i]=8;
 102   4                                              i++;      
 103   4                                 }
 104   3                                  else if(P1==0xdb)
 105   3                                 {
 106   4                                     while(P1==0xdb);
 107   4                                     P0=n[9];
 108   4                                         k[i]=9;
 109   4                                         i++;  
 110   4                                 }
 111   3                                  else if(P1==0xdd)
 112   3                                 {
 113   4                                     while(P1==0xdd);
 114   4                                     add();   
 115   4                                 }
 116   3                                  else if(P1==0xde)
 117   3                                 {
C51 COMPILER V9.05   PROJECT_20                                                            11/29/2012 11:11:08 PAGE 3   

 118   4                                      while(P1==0xde);
 119   4                                      sub();
 120   4                                 }
 121   3                                 else if(P1==0xe7)
 122   3                                 {
 123   4                                      while(P1==0xe7);
 124   4                                      eq();
 125   4                                 }
 126   3                                 
 127   3                           }
 128   2                   }
 129   1            }                                         


MODULE INFORMATION:   STATIC OVERLAYABLE
   CODE SIZE        =    390    ----
   CONSTANT SIZE    =   ----    ----
   XDATA SIZE       =   ----    ----
   PDATA SIZE       =   ----    ----
   DATA SIZE        =     23    ----
   IDATA SIZE       =   ----    ----
   BIT SIZE         =   ----    ----
END OF MODULE INFORMATION.


C51 COMPILATION COMPLETE.  0 WARNING(S),  0 ERROR(S)
