C51 COMPILER V9.05   T_1                                                                   11/26/2012 15:47:38 PAGE 1   


C51 COMPILER V9.05, COMPILATION OF MODULE T_1
OBJECT MODULE PLACED IN T-1.OBJ
COMPILER INVOKED BY: C:\Keil\C51\BIN\C51.EXE T-1.C BROWSE DEBUG OBJECTEXTEND

line level    source

   1                    #include<reg51.h>
   2                    sbit sq=P2^0;
   3                    sbit sp1=P2^1;
   4                    unsigned int i;
   5                    void ISR_t0(void) interrupt 1
   6                    {
   7   1                    TF0=0;
   8   1                        TL0=0x34;
   9   1                        TH0=0xfe;
  10   1                        sq=~sq;
  11   1                }
  12                    void main()
  13                    {
  14   1                   sq=1;
  15   1                       TMOD=0x01;
  16   1                       IE=0x82;
  17   1                       TL0=0x34;
  18   1                       TH0=0xfe;
  19   1                       sq=0;
  20   1                       TR0=1;
  21   1                       while(1)
  22   1                       {
  23   2                         sp1=1;
  24   2                         for(i=1;i<100;i++);
  25   2                         sp1=0;
  26   2                         for(i=1;i<100;i++);
  27   2                       }
  28   1                 }
  29          
  30          
  31                    


MODULE INFORMATION:   STATIC OVERLAYABLE
   CODE SIZE        =     80    ----
   CONSTANT SIZE    =   ----    ----
   XDATA SIZE       =   ----    ----
   PDATA SIZE       =   ----    ----
   DATA SIZE        =      2    ----
   IDATA SIZE       =   ----    ----
   BIT SIZE         =   ----    ----
END OF MODULE INFORMATION.


C51 COMPILATION COMPLETE.  0 WARNING(S),  0 ERROR(S)
