C51 COMPILER V9.05   1234                                                                  11/24/2012 10:52:28 PAGE 1   


C51 COMPILER V9.05, COMPILATION OF MODULE 1234
OBJECT MODULE PLACED IN 1234.OBJ
COMPILER INVOKED BY: C:\Keil\C51\BIN\C51.EXE 1234.c BROWSE DEBUG OBJECTEXTEND

line level    source

   1          #included<reg51.h>
*** WARNING C315 IN LINE 1 OF 1234.c: unknown #directive 'included'
   2          #include"lcd3.h"
   3          
   4          
   5          void main()
   6          {                  lcdcmd(0x38);
   7   1                         delay(100);
   8   1                         lcdcmd(0x0e);
   9   1                         delay(100);
  10   1                         lcdcmd(0x80);
  11   1                         delay(100);
  12   1                         lcdcmd(0x01);
  13   1                         delay(100);
  14   1                         data2("VASOYA NIKHIL");
  15   1                         delay(100);
  16   1                         lcdcmd(0xc0);
  17   1                         delay(100);
  18   1                         data2("5TH EC");
  19   1                         delay(100);
  20   1                        while(1);
  21   1                        {
  22   2                        }
  23   1      
  24   1      }


MODULE INFORMATION:   STATIC OVERLAYABLE
   CODE SIZE        =    161    ----
   CONSTANT SIZE    =     21    ----
   XDATA SIZE       =   ----    ----
   PDATA SIZE       =   ----    ----
   DATA SIZE        =   ----       3
   IDATA SIZE       =   ----    ----
   BIT SIZE         =   ----    ----
END OF MODULE INFORMATION.


C51 COMPILATION COMPLETE.  1 WARNING(S),  0 ERROR(S)
