C51 COMPILER V9.05   LCD1                                                                  11/23/2012 16:40:34 PAGE 1   


C51 COMPILER V9.05, COMPILATION OF MODULE LCD1
OBJECT MODULE PLACED IN lcd1.OBJ
COMPILER INVOKED BY: C:\Keil\C51\BIN\C51.EXE lcd1.c BROWSE DEBUG OBJECTEXTEND

line level    source

   1                          #include<reg51.h>
   2                          sbit rs=P1^0;
   3                          sbit rw=P1^1;
   4                          sbit en=P1^2;
   5                          void delay(int a)
   6                          {
   7   1                          int i,j;
   8   1                              for(i=0;i<a;i++)
   9   1                              {
  10   2                                 for(j=0;j<1275;j++);
  11   2                              }
  12   1                      }
  13                          void cmd(unsigned char b)
  14                          {
  15   1                         P2=b;
  16   1                         en=1;
  17   1                         rs=0;
  18   1                         rw=0;
  19   1                         
  20   1                         delay(100);
  21   1                         en=0;
  22   1                      }
  23                          void data1(unsigned char c)
  24                          {
  25   1                         P2=c;   
  26   1                         en=1;
  27   1                         rs=1;
  28   1                         rw=0;
  29   1                         
  30   1                         delay(100);
  31   1                         en=0;
  32   1                      }
  33                          void data2(unsigned char *lcdstr)
  34                          {
  35   1                         while(*lcdstr)
  36   1                         {
  37   2                            data1(*lcdstr++);
  38   2                              }
  39   1                      }
  40                          void main()
  41                          {
  42   1                      //while(1)
  43   1                      {
  44   2                       
  45   2                        
  46   2                         cmd(0x38);
  47   2                         delay(100);
  48   2                         cmd(0x0e);
  49   2                         delay(100);
  50   2                         cmd(0x80);
  51   2                         delay(100);
  52   2                         cmd(0x01);
  53   2                         delay(100);
  54   2                         
  55   2                         data2("vasoya nikhil");
C51 COMPILER V9.05   LCD1                                                                  11/23/2012 16:40:34 PAGE 2   

  56   2                         delay(100);
  57   2                         cmd(0xc0);
  58   2                         delay(100);
  59   2                         data2("5TH EC");
  60   2                         delay(100);
  61   2                        while(1);
  62   2                  }
  63   1                      }


MODULE INFORMATION:   STATIC OVERLAYABLE
   CODE SIZE        =    161    ----
   CONSTANT SIZE    =     21    ----
   XDATA SIZE       =   ----    ----
   PDATA SIZE       =   ----    ----
   DATA SIZE        =   ----       3
   IDATA SIZE       =   ----    ----
   BIT SIZE         =   ----    ----
END OF MODULE INFORMATION.


C51 COMPILATION COMPLETE.  0 WARNING(S),  0 ERROR(S)
