C51 COMPILER V9.05   LCD5_                                                                 11/24/2012 10:06:53 PAGE 1   


C51 COMPILER V9.05, COMPILATION OF MODULE LCD5_
OBJECT MODULE PLACED IN lcd5..OBJ
COMPILER INVOKED BY: C:\Keil\C51\BIN\C51.EXE lcd5..c BROWSE DEBUG OBJECTEXTEND

line level    source

   1                                   #include<reg51.h>
   2                                   #include"lcd.h"
*** WARNING C318 IN LINE 2 OF lcd5..c: can't open file 'lcd.h'
   3                                   void main()
   4                          {
   5   1                         cmd1(0x38);
*** WARNING C206 IN LINE 5 OF lcd5..c: 'cmd1': missing function-prototype
*** ERROR C267 IN LINE 5 OF lcd5..c: 'cmd1': requires ANSI-style prototype
   6   1                         delay(100);
   7   1                         cmd1(0x0e);
   8   1                         delay(100);
   9   1                         cmd1(0x80);
  10   1                         delay(100);
  11   1                         cmd1(0x01);
  12   1                         delay(100);
  13   1                         
  14   1                         data2("vasoya nikhil");
  15   1                         delay(100);
  16   1                         cmd1(0xc0);
  17   1                         delay(100);
  18   1                         data2("5TH EC");
  19   1                         delay(100);
  20   1                        while(1);
  21   1                        {
  22   2                        }
  23   1                      }
  24                            
  25                            

C51 COMPILATION COMPLETE.  2 WARNING(S),  1 ERROR(S)
