C51 COMPILER V9.05   LCDGAME                                                               11/24/2012 11:41:01 PAGE 1   


C51 COMPILER V9.05, COMPILATION OF MODULE LCDGAME
OBJECT MODULE PLACED IN lcdgame.OBJ
COMPILER INVOKED BY: C:\Keil\C51\BIN\C51.EXE lcdgame.c BROWSE DEBUG OBJECTEXTEND

line level    source

   1                    #include<reg51.h>
   2                    #include"lcd3.h"
   3                    void main()
   4                    {
   5   1                     lcdcmd(0x38);
   6   1                         //delay(100);
   7   1                         lcdcmd(0x0e);
   8   1                         //delay(100);
   9   1                         lcdcmd(0x01);
  10   1                         //delay(100);
  11   1                         lcdcmd(0x64);
  12   1                         //delay(100);
  13   1                         data1(0x00);
  14   1                        // delay(100);
  15   1      
  16   1                         data1(0x1f);
  17   1                         //delay(100);
  18   1                         data1(0x0f);
  19   1                         //delay(100);
  20   1                         data1(0x15);
  21   1                         //delay(100);
  22   1                         data1(0x06);
  23   1                         //delay(100);
  24   1                         data1(0x06);
  25   1                         //delay(100);
  26   1                         data1(0x06);
  27   1                         //delay(100);
  28   1                         data1(0x00);
  29   1                         //delay(100);
  30   1                         lcdcmd(0x80);
  31   1                         //delay(100);
  32   1                         data1(0);
  33   1                         //delay(100);
  34   1                        while(1)
  35   1                        {
  36   2                        }
  37   1                 }


MODULE INFORMATION:   STATIC OVERLAYABLE
   CODE SIZE        =    177    ----
   CONSTANT SIZE    =   ----    ----
   XDATA SIZE       =   ----    ----
   PDATA SIZE       =   ----    ----
   DATA SIZE        =   ----       3
   IDATA SIZE       =   ----    ----
   BIT SIZE         =   ----    ----
END OF MODULE INFORMATION.


C51 COMPILATION COMPLETE.  0 WARNING(S),  0 ERROR(S)
