C51 COMPILER V9.03   SEG_2                                                                 06/20/2013 14:29:54 PAGE 1   


C51 COMPILER V9.03, COMPILATION OF MODULE SEG_2
OBJECT MODULE PLACED IN seg-2.OBJ
COMPILER INVOKED BY: D:\Program Files\C51\BIN\C51.EXE seg-2.c BROWSE DEBUG OBJECTEXTEND

line level    source

   1          #include<reg51.h>
   2          unsigned char num[]={0x3f,0x06,0x5b,0x4f,0x66,0x6d,0x7d,0x07,0xff,0x6f};
   3          sbit s1=P3^0;
   4          sbit s2=P3^1;
   5          sbit s3=P3^2;
   6          sbit s4=P3^3;
   7          unsigned char z,x,y,w,i;
   8          unsigned int j;
   9          void main()
  10          {
  11   1        while(1)
  12   1        {      
  13   2                for(w=0;w<10;w++)
  14   2                {   
  15   3                              for(x=0;x<10;x++)
  16   3                              {
  17   4                                      for(y=0;y<10;y++)
  18   4                                      {
  19   5                                           for(z=0;z<10;z++)
  20   5                                             {           
  21   6                                                                P3=0xff;
  22   6                                                    P1=num[z];
  23   6                                                                s1=0;
  24   6                                                                for(j=1;j<6000;j++);
  25   6                                                                P3=0xff;
  26   6                                                    P1=num[y];
  27   6                                                                s2=0;
  28   6                                                                for(j=1;j<300;j++);
  29   6                                                            P3=0xff;
  30   6                                                    P1=num[x];
  31   6                                                                s3=0;
  32   6                                                                for(j=1;j<300;j++);
  33   6                                                                P3=0xff;
  34   6                                                    P1=num[w];
  35   6                                                                s4=0;
  36   6                                                                for(j=1;j<300;j++);
  37   6                                                      }
  38   5                                      }
  39   4                              }
  40   3                 }
  41   2              }
  42   1      }


MODULE INFORMATION:   STATIC OVERLAYABLE
   CODE SIZE        =    199    ----
   CONSTANT SIZE    =   ----    ----
   XDATA SIZE       =   ----    ----
   PDATA SIZE       =   ----    ----
   DATA SIZE        =     17    ----
   IDATA SIZE       =   ----    ----
   BIT SIZE         =   ----    ----
END OF MODULE INFORMATION.


C51 COMPILATION COMPLETE.  0 WARNING(S),  0 ERROR(S)
