C51 COMPILER V9.03   SEG_1                                                                 06/20/2013 11:44:08 PAGE 1   


C51 COMPILER V9.03, COMPILATION OF MODULE SEG_1
OBJECT MODULE PLACED IN seg-1.OBJ
COMPILER INVOKED BY: D:\Program Files\C51\BIN\C51.EXE seg-1.c BROWSE DEBUG OBJECTEXTEND

line level    source

   1          #include<reg51.h>
   2          unsigned char z;
   3          unsigned int j;
   4          unsigned char num1[10]={0x3f,0x06,0x5b,0x4f,0x66,0x6d,0x7d,0x07,0xff,0x6f};
   5          void main()
   6          {
   7   1                while(1)
   8   1                {
   9   2                       for(z=0;z<10;z++)
  10   2                       {
  11   3                          P1=0x01;
  12   3                          P3=num1[z];
  13   3                              for(j=1;j<20000;j++);
  14   3                       }
  15   2                }
  16   1      }


MODULE INFORMATION:   STATIC OVERLAYABLE
   CODE SIZE        =     45    ----
   CONSTANT SIZE    =   ----    ----
   XDATA SIZE       =   ----    ----
   PDATA SIZE       =   ----    ----
   DATA SIZE        =     13    ----
   IDATA SIZE       =   ----    ----
   BIT SIZE         =   ----    ----
END OF MODULE INFORMATION.


C51 COMPILATION COMPLETE.  0 WARNING(S),  0 ERROR(S)
