C51 COMPILER V9.05   HEX                                                                   11/27/2012 10:47:11 PAGE 1   


C51 COMPILER V9.05, COMPILATION OF MODULE HEX
OBJECT MODULE PLACED IN hex.OBJ
COMPILER INVOKED BY: C:\Keil\C51\BIN\C51.EXE hex.c BROWSE DEBUG OBJECTEXTEND

line level    source

   1                          #include<reg51.h>
   2                          #include"lcd4bit.h"
   3                      sbit sq=P3^7;
   4                      sbit sp1=P2^6;
   5                      unsigned int j;
   6                      unsigned char z,k;
   7                      unsigned char num1[4]={0x06,0x5b,0x4f,0x66};
   8                      unsigned char num2[4]={0x01,0x02,0x04,0x08};
   9                          unsigned char num3[4]={0xf7,0xfb,0xfd,0xfe};
  10                      void ISR_t0(void) interrupt 1
  11                      {
  12   1                    TF0=0;
  13   1                        TL0=0xff;
  14   1                        TH0=0xcd;
  15   1                    for(z=0;z<4;z++)
  16   1                        {
  17   2                          P0=num1[z];
  18   2                              P2=num2[z];
  19   2                              for(j=1;j<200;j++)
  20   2                              {}
  21   2                         
  22   2                        }
  23   1                      }
  24                           void main()
  25                      {
  26   1                   sq=1;
  27   1                       TMOD=0x01;
  28   1                       IE=0x82;
  29   1                       TL0=0xff;
  30   1                       TH0=0xcd;
  31   1                       sq=0;
  32   1                       TR0=1;
  33   1                       lcdinit();
  34   1                       while(1)
  35   1                       {
  36   2                         for(k=0;k<4;k++)
  37   2                              {
  38   3                                 P1=num3[k];
  39   3                                 if(P1==0x77)
  40   3                                 {
  41   4                                     while(P1==0x77);
  42   4                                      lcd_datac('0');
  43   4                                                                
  44   4                                 }
  45   3                                 
  46   3                                 else if(P1==0x7b)
  47   3                                 {
  48   4                                      while(P1==0x7b);
  49   4                                      lcd_datac('1');
  50   4                                      
  51   4                                 }
  52   3                                 else if(P1==0x7d)
  53   3                                 {
  54   4                                      while(P1==0x7d);
  55   4                                      lcd_datac('2');
C51 COMPILER V9.05   HEX                                                                   11/27/2012 10:47:11 PAGE 2   

  56   4                                      
  57   4                                 }
  58   3      
  59   3                                 else if(P1==0x7e)
  60   3                                 {
  61   4                                      while(P1==0x7e);
  62   4                                      lcd_datac('3');
  63   4                                      
  64   4                                 }
  65   3                                 else if(P1==0xb7)
  66   3                                 {
  67   4                                     while(P1==0xb7);
  68   4                                     lcd_datac('4');
  69   4                                         
  70   4                     }
  71   3                                 else if(P1==0xbb)
  72   3                                 {
  73   4                                     while(P1==0xbb);
  74   4                                      lcd_datac('5');
  75   4                                              
  76   4                                 }
  77   3                                 else if(P1==0xbd)
  78   3                                 {
  79   4                                      while(P1==0xbd);
  80   4                                      lcd_datac('6');
  81   4                                              
  82   4                             }
  83   3                                 else if(P1==0xbe)
  84   3                                 {
  85   4                                      while(P1==0xbe);   
  86   4                                      lcd_datac('7');
  87   4                                              
  88   4                                 }
  89   3                                  else if(P1==0xd7)
  90   3                                 {
  91   4                                     while(P1==0xd7);
  92   4                                     lcd_datac('8');
  93   4                                        
  94   4                                 }
  95   3                                  else if(P1==0xdb)
  96   3                                 {
  97   4                                     while(P1==0xdb);
  98   4                                     lcd_datac('9');
  99   4                                         
 100   4                                 }
 101   3                                  else if(P1==0xdd)
 102   3                                 {
 103   4                                     while(P1==0xdd);
 104   4                                     lcd_datac('a');
 105   4                                         
 106   4                                 }
 107   3                                  else if(P1==0xde)
 108   3                                 {
 109   4                                      while(P1==0xde);
 110   4                                      lcd_datac('b');
 111   4                                              
 112   4                                 }
 113   3                                  else if(P1==0xe7)
 114   3                                 {
 115   4                                     while(P1==0xe7);
 116   4                                     lcd_datac('c');
 117   4                                         
C51 COMPILER V9.05   HEX                                                                   11/27/2012 10:47:11 PAGE 3   

 118   4                                 }
 119   3                                  else if(P1==0xeb)
 120   3                                 {
 121   4                                     while(P1==0xeb);
 122   4                                     lcd_datac('d');
 123   4                                        
 124   4                                 }
 125   3                                  else if(P1==0xed)
 126   3                                 {    while(P1==0xed);
 127   4                                      lcd_datac('e');
 128   4                                              
 129   4                                 }
 130   3                                  else if(P1==0xee)
 131   3                                 {   
 132   4                                      while(P1==0xee);
 133   4                                      lcd_datac('f');
 134   4                                              
 135   4                                 }
 136   3                              }
 137   2                       
 138   2                  }
 139   1           }


MODULE INFORMATION:   STATIC OVERLAYABLE
   CODE SIZE        =    663    ----
   CONSTANT SIZE    =   ----    ----
   XDATA SIZE       =   ----    ----
   PDATA SIZE       =   ----    ----
   DATA SIZE        =     16      10
   IDATA SIZE       =   ----    ----
   BIT SIZE         =   ----    ----
END OF MODULE INFORMATION.


C51 COMPILATION COMPLETE.  0 WARNING(S),  0 ERROR(S)
